0 info it worked if it ends with ok
1 verbose cli [ '/usr/bin/node', '/usr/bin/npm', 'install' ]
2 info using npm@1.4.28
3 info using node@v0.10.37
4 verbose node symlink /usr/bin/node
5 warn package.json @ No description
6 warn package.json @ No repository field.
7 warn package.json @ No README data
8 verbose readDependencies using package.json deps
9 verbose install where, deps [ '/home/jmcandrew/dev/places-data',
9 verbose install   [ 'bluebird', 'csv-parse', 'mkdirp' ] ]
10 info preinstall @
11 verbose readDependencies using package.json deps
12 verbose cache add [ 'bluebird@0.0.0', null ]
13 verbose cache add name=undefined spec="bluebird@0.0.0" args=["bluebird@0.0.0",null]
14 verbose parsed url { protocol: null,
14 verbose parsed url   slashes: null,
14 verbose parsed url   auth: null,
14 verbose parsed url   host: null,
14 verbose parsed url   port: null,
14 verbose parsed url   hostname: null,
14 verbose parsed url   hash: null,
14 verbose parsed url   search: null,
14 verbose parsed url   query: null,
14 verbose parsed url   pathname: 'bluebird@0.0.0',
14 verbose parsed url   path: 'bluebird@0.0.0',
14 verbose parsed url   href: 'bluebird@0.0.0' }
15 verbose already installed skipping csv-parse@1.0.0 /home/jmcandrew/dev/places-data
16 verbose already installed skipping mkdirp@0.5.1 /home/jmcandrew/dev/places-data
17 verbose cache add name="bluebird" spec="0.0.0" args=["bluebird","0.0.0"]
18 verbose parsed url { protocol: null,
18 verbose parsed url   slashes: null,
18 verbose parsed url   auth: null,
18 verbose parsed url   host: null,
18 verbose parsed url   port: null,
18 verbose parsed url   hostname: null,
18 verbose parsed url   hash: null,
18 verbose parsed url   search: null,
18 verbose parsed url   query: null,
18 verbose parsed url   pathname: '0.0.0',
18 verbose parsed url   path: '0.0.0',
18 verbose parsed url   href: '0.0.0' }
19 verbose addNamed [ 'bluebird', '0.0.0' ]
20 verbose addNamed [ '0.0.0', '0.0.0' ]
21 silly lockFile bf5b240a-bluebird-0-0-0 bluebird@0.0.0
22 verbose lock bluebird@0.0.0 /home/jmcandrew/.npm/bf5b240a-bluebird-0-0-0.lock
23 verbose request where is /bluebird
24 verbose request registry https://registry.npmjs.org/
25 verbose request id cd3aae9217779989
26 verbose url raw /bluebird
27 verbose url resolving [ 'https://registry.npmjs.org/', './bluebird' ]
28 verbose url resolved https://registry.npmjs.org/bluebird
29 verbose request where is https://registry.npmjs.org/bluebird
30 info trying registry request attempt 1 at 13:38:38
31 verbose etag "16BNCUWNAKXSOEYEZG78X696Y"
32 http GET https://registry.npmjs.org/bluebird
33 http 200 https://registry.npmjs.org/bluebird
34 silly registry.get cb [ 200,
34 silly registry.get   { server: 'CouchDB/1.5.0 (Erlang OTP/R16B03)',
34 silly registry.get     etag: '"20B2Z0L7N8HIC67XITUK0FCT2"',
34 silly registry.get     'content-type': 'application/json',
34 silly registry.get     'cache-control': 'max-age=60',
34 silly registry.get     'content-length': '336987',
34 silly registry.get     'accept-ranges': 'bytes',
34 silly registry.get     date: 'Tue, 11 Aug 2015 19:38:39 GMT',
34 silly registry.get     via: '1.1 varnish',
34 silly registry.get     age: '43',
34 silly registry.get     connection: 'keep-alive',
34 silly registry.get     'x-served-by': 'cache-iad2132-IAD',
34 silly registry.get     'x-cache': 'HIT',
34 silly registry.get     'x-cache-hits': '2',
34 silly registry.get     'x-timer': 'S1439321919.641996,VS0,VE0',
34 silly registry.get     vary: 'Accept' } ]
35 silly lockFile bf5b240a-bluebird-0-0-0 bluebird@0.0.0
36 silly lockFile bf5b240a-bluebird-0-0-0 bluebird@0.0.0
37 error Error: version not found: bluebird@0.0.0
37 error     at /usr/lib/node_modules/npm/lib/cache/add-named.js:125:12
37 error     at saved (/usr/lib/node_modules/npm/node_modules/npm-registry-client/lib/get.js:167:7)
37 error     at Object.oncomplete (fs.js:108:15)
38 error If you need help, you may report this *entire* log,
38 error including the npm and node versions, at:
38 error     <http://github.com/npm/npm/issues>
39 error System Linux 3.13.0-59-generic
40 error command "/usr/bin/node" "/usr/bin/npm" "install"
41 error cwd /home/jmcandrew/dev/places-data/tools
42 error node -v v0.10.37
43 error npm -v 1.4.28
44 verbose exit [ 1, true ]
